<?xml version="1.0" encoding="UTF-8"?>
<!-- Generated by org.testng.reporters.JUnitReportReporter -->
<testsuite skipped="0" hostname="SHAWON-HPWIN10" name="testcases.CountrySelectTest" tests="1" failures="0" timestamp="2021-09-25T23:36:05 BDT" time="33.795" errors="0">
  <testcase name="selectCountry" time="33.795" classname="testcases.CountrySelectTest"/>
  <system-out/>
</testsuite> <!-- testcases.CountrySelectTest -->
