<?xml version="1.0" encoding="UTF-8"?>
<!-- Generated by org.testng.reporters.JUnitReportReporter -->
<testsuite skipped="0" hostname="SHAWON-HPWIN10" name="testcases.CalculationTest" tests="2" failures="0" timestamp="2021-09-25T23:36:05 BDT" time="9.608" errors="0">
  <testcase name="lossExchange" time="6.389" classname="testcases.CalculationTest"/>
  <system-out/>
  <testcase name="sellBuyInputTest" time="3.219" classname="testcases.CalculationTest"/>
  <system-out/>
</testsuite> <!-- testcases.CalculationTest -->
